<?xml version="1.0" encoding="UTF-8"?>
<!-- Generated by org.testng.reporters.JUnitReportReporter -->
<testsuite hostname="LAPTOP-42KERIGD" failures="0" tests="2" name="tests.DeleteProject" time="4.440" errors="0" timestamp="2021-09-08T14:58:51 ART" skipped="0">
  <testcase classname="tests.DeleteProject" name="login" time="0.471"/>
  <system-out/>
  <testcase classname="tests.DeleteProject" name="EditProject" time="3.969"/>
  <system-out/>
</testsuite> <!-- tests.DeleteProject -->
