<?xml version="1.0" encoding="UTF-8"?>
<!-- Generated by org.testng.reporters.JUnitReportReporter -->
<testsuite hostname="LAPTOP-42KERIGD" failures="0" tests="2" name="tests.EditProject" time="5.562" errors="0" timestamp="2021-09-08T15:05:19 ART" skipped="0">
  <testcase classname="tests.EditProject" name="login" time="0.414"/>
  <system-out/>
  <testcase classname="tests.EditProject" name="EditProjects" time="5.148"/>
  <system-out/>
</testsuite> <!-- tests.EditProject -->
