<?xml version="1.0" encoding="UTF-8"?>
<!-- Generated by org.testng.reporters.JUnitReportReporter -->
<testsuite hostname="LAPTOP-42KERIGD" failures="0" tests="1" name="drivers.test" time="0.000" errors="0" timestamp="2021-09-06T20:40:59 ART" skipped="1">
  <testcase classname="drivers.test" name="Login" time="0.000">
    <skipped/>
  </testcase> <!-- Login -->
  <system-out/>
</testsuite> <!-- drivers.test -->
