<?xml version="1.0" encoding="UTF-8"?>
<!-- Generated by org.testng.reporters.JUnitReportReporter -->
<testsuite hostname="LAPTOP-42KERIGD" failures="0" tests="2" name="tests.CreateProject" time="3.049" errors="0" timestamp="2021-09-08T13:07:46 ART" skipped="0">
  <testcase classname="tests.CreateProject" name="login" time="0.444"/>
  <system-out/>
  <testcase classname="tests.CreateProject" name="CreateProjects" time="2.605"/>
  <system-out/>
</testsuite> <!-- tests.CreateProject -->
