<?xml version="1.0" encoding="UTF-8"?>
<!-- Generated by org.testng.reporters.JUnitReportReporter -->
<testsuite hostname="LAPTOP-42KERIGD" failures="0" tests="1" name="tests.login" time="1.529" errors="0" timestamp="2021-09-08T13:21:59 ART" skipped="0">
  <testcase classname="tests.login" name="logins" time="1.529"/>
  <system-out/>
</testsuite> <!-- tests.login -->
