<?xml version="1.0" encoding="UTF-8"?>
<!-- Generated by org.testng.reporters.JUnitReportReporter -->
<testsuite skipped="0" hostname="LAPTOP-42KERIGD" name="prueba.RobotApi" tests="1" failures="0" timestamp="2021-07-20T14:03:38 ART" time="12.710" errors="0">
  <testcase name="RobotApiTest" time="12.710" classname="prueba.RobotApi"/>
  <system-out/>
</testsuite> <!-- prueba.RobotApi -->
