<?xml version="1.0" encoding="UTF-8"?>
<!-- Generated by org.testng.reporters.JUnitReportReporter -->
<testsuite skipped="0" hostname="LAPTOP-42KERIGD" name="tests.login" tests="2" failures="0" timestamp="2021-07-20T14:03:38 ART" time="0.407" errors="0">
  <testcase name="openLogin" time="0.116" classname="tests.login"/>
  <system-out/>
  <testcase name="login" time="0.291" classname="tests.login"/>
  <system-out/>
</testsuite> <!-- tests.login -->
