<?xml version="1.0" encoding="UTF-8"?>
<!-- Generated by org.testng.reporters.JUnitReportReporter -->
<testsuite skipped="0" hostname="LAPTOP-42KERIGD" name="prueba.LogTest" tests="3" failures="0" timestamp="2021-07-20T14:03:38 ART" time="9.609" errors="0">
  <testcase name="testDown" time="0.889" classname="prueba.LogTest"/>
  <system-out/>
  <testcase name="launchBrowser" time="8.188" classname="prueba.LogTest"/>
  <system-out/>
  <testcase name="BMICalculators" time="0.532" classname="prueba.LogTest"/>
  <system-out/>
</testsuite> <!-- prueba.LogTest -->
